loading model... configs=['8x8', '6x8', '4x8']
Loading checkpoint shards:   0%|          | 0/16 [00:00<?, ?it/s]Loading checkpoint shards:  12%|█▎        | 2/16 [00:00<00:01, 13.94it/s]Loading checkpoint shards:  25%|██▌       | 4/16 [00:00<00:00, 13.46it/s]Loading checkpoint shards:  38%|███▊      | 6/16 [00:00<00:00, 13.32it/s]Loading checkpoint shards:  50%|█████     | 8/16 [00:00<00:00, 13.29it/s]Loading checkpoint shards:  62%|██████▎   | 10/16 [00:00<00:00, 13.13it/s]Loading checkpoint shards:  75%|███████▌  | 12/16 [00:00<00:00, 13.11it/s]Loading checkpoint shards:  88%|████████▊ | 14/16 [00:01<00:00, 13.15it/s]Loading checkpoint shards: 100%|██████████| 16/16 [00:01<00:00, 13.99it/s]

=== 8x8 (pk=8 dk=8 wm=renorm_survivors) ===
{"config": "8x8", "prefill_k": 8, "decode_k": 8, "weight_mode": "renorm_survivors", "n": 500, "acc_strict": 0.834, "acc_tol": 0.93, "no_marker_frac": 0.05, "no_eos_frac": 0.052, "hit_max_frac": 0.052, "len_mean": 251.5, "len_median": 228.0, "len_p90": 416, "len_p95": 512, "len_p99": 512, "L_to_marker_mean": 228.64, "L_post_marker_mean": 9.17, "rep_4gram_mean": 0.12, "avg_k_decode": 8.0, "avg_k_prefill": 8.0, "gen_wall_ms": 0.0}

=== 6x8 (pk=6 dk=8 wm=renorm_survivors) ===
The following generation flags are not valid and may be ignored: ['temperature', 'top_p', 'top_k']. Set `TRANSFORMERS_VERBOSITY=info` for more details.
  [6x8] 64/500 k_dec=8.0 k_pre=6.0
  [6x8] 128/500 k_dec=8.0 k_pre=6.0
  [6x8] 192/500 k_dec=8.0 k_pre=6.0
  [6x8] 256/500 k_dec=8.0 k_pre=6.0
  [6x8] 320/500 k_dec=8.0 k_pre=6.0
  [6x8] 384/500 k_dec=8.0 k_pre=6.0
  [6x8] 448/500 k_dec=8.0 k_pre=6.0
  [6x8] 500/500 k_dec=8.0 k_pre=6.0
{"config": "6x8", "prefill_k": 6, "decode_k": 8, "weight_mode": "renorm_survivors", "n": 500, "acc_strict": 0.85, "acc_tol": 0.932, "no_marker_frac": 0.056, "no_eos_frac": 0.058, "hit_max_frac": 0.058, "len_mean": 254.8, "len_median": 235.0, "len_p90": 410, "len_p95": 512, "len_p99": 512, "L_to_marker_mean": 228.66, "L_post_marker_mean": 10.91, "rep_4gram_mean": 0.12, "avg_k_decode": 8.0, "avg_k_prefill": 6.0, "gen_wall_ms": 2208095.5}

=== 4x8 (pk=4 dk=8 wm=renorm_survivors) ===
  [4x8] 64/500 k_dec=8.0 k_pre=4.0
  [4x8] 128/500 k_dec=8.0 k_pre=4.0
  [4x8] 192/500 k_dec=8.0 k_pre=4.0
  [4x8] 256/500 k_dec=8.0 k_pre=4.0
  [4x8] 320/500 k_dec=8.0 k_pre=4.0
  [4x8] 384/500 k_dec=8.0 k_pre=4.0
  [4x8] 448/500 k_dec=8.0 k_pre=4.0
  [4x8] 500/500 k_dec=8.0 k_pre=4.0
{"config": "4x8", "prefill_k": 4, "decode_k": 8, "weight_mode": "renorm_survivors", "n": 500, "acc_strict": 0.834, "acc_tol": 0.924, "no_marker_frac": 0.068, "no_eos_frac": 0.054, "hit_max_frac": 0.056, "len_mean": 254.9, "len_median": 231.5, "len_p90": 414, "len_p95": 512, "len_p99": 512, "L_to_marker_mean": 228.84, "L_post_marker_mean": 11.46, "rep_4gram_mean": 0.12, "avg_k_decode": 8.0, "avg_k_prefill": 4.0, "gen_wall_ms": 2207576.2}

== v23_phase_factorial_gpu7 ==
config           pk dk  acc_s  noMark    len  Lmark  Lpost   rep4
8x8               8  8  83.4%    5.0%    252 228.64   9.17   0.12
6x8               6  8  85.0%    5.6%    255 228.66  10.91   0.12
4x8               4  8  83.4%    6.8%    255 228.84  11.46   0.12

wrote /home/t-jialianggu/work/MOEresearch/results/2026-07-20_v23_phase_factorial_gpu7/summary.json
