loading model... configs=['8x8', '8x7_no_renorm', '8x6_no_renorm', '8x5_no_renorm', '8x4_no_renorm']
Loading checkpoint shards:   0%|          | 0/16 [00:00<?, ?it/s]Loading checkpoint shards:  12%|█▎        | 2/16 [00:00<00:00, 14.07it/s]Loading checkpoint shards:  25%|██▌       | 4/16 [00:00<00:00, 13.31it/s]Loading checkpoint shards:  38%|███▊      | 6/16 [00:00<00:00, 13.10it/s]Loading checkpoint shards:  50%|█████     | 8/16 [00:00<00:00, 12.97it/s]Loading checkpoint shards:  62%|██████▎   | 10/16 [00:00<00:00, 12.88it/s]Loading checkpoint shards:  75%|███████▌  | 12/16 [00:00<00:00, 12.90it/s]Loading checkpoint shards:  88%|████████▊ | 14/16 [00:01<00:00, 12.96it/s]Loading checkpoint shards: 100%|██████████| 16/16 [00:01<00:00, 13.76it/s]

=== 8x8 (pk=8 dk=8 wm=renorm_survivors) ===
The following generation flags are not valid and may be ignored: ['temperature', 'top_p', 'top_k']. Set `TRANSFORMERS_VERBOSITY=info` for more details.
  [8x8] 64/500 k_dec=8.0 k_pre=8.0
  [8x8] 128/500 k_dec=8.0 k_pre=8.0
  [8x8] 192/500 k_dec=8.0 k_pre=8.0
  [8x8] 256/500 k_dec=8.0 k_pre=8.0
  [8x8] 320/500 k_dec=8.0 k_pre=8.0
  [8x8] 384/500 k_dec=8.0 k_pre=8.0
  [8x8] 448/500 k_dec=8.0 k_pre=8.0
  [8x8] 500/500 k_dec=8.0 k_pre=8.0
{"config": "8x8", "prefill_k": 8, "decode_k": 8, "weight_mode": "renorm_survivors", "n": 500, "acc_strict": 0.834, "acc_tol": 0.93, "no_marker_frac": 0.05, "no_eos_frac": 0.052, "hit_max_frac": 0.052, "len_mean": 251.5, "len_median": 228.0, "len_p90": 416, "len_p95": 512, "len_p99": 512, "L_to_marker_mean": 228.64, "L_post_marker_mean": 9.17, "rep_4gram_mean": 0.12, "avg_k_decode": 8.0, "avg_k_prefill": 8.0, "gen_wall_ms": 2244751.2}

=== 8x7_no_renorm (pk=8 dk=7 wm=no_renorm) ===
  [8x7_no_renorm] 64/500 k_dec=7.0 k_pre=8.0
  [8x7_no_renorm] 128/500 k_dec=7.0 k_pre=8.0
  [8x7_no_renorm] 192/500 k_dec=7.0 k_pre=8.0
  [8x7_no_renorm] 256/500 k_dec=7.0 k_pre=8.0
  [8x7_no_renorm] 320/500 k_dec=7.0 k_pre=8.0
  [8x7_no_renorm] 384/500 k_dec=7.0 k_pre=8.0
  [8x7_no_renorm] 448/500 k_dec=7.0 k_pre=8.0
  [8x7_no_renorm] 500/500 k_dec=7.0 k_pre=8.0
{"config": "8x7_no_renorm", "prefill_k": 8, "decode_k": 7, "weight_mode": "no_renorm", "n": 500, "acc_strict": 0.844, "acc_tol": 0.932, "no_marker_frac": 0.05, "no_eos_frac": 0.052, "hit_max_frac": 0.052, "len_mean": 250.0, "len_median": 225.0, "len_p90": 400, "len_p95": 512, "len_p99": 512, "L_to_marker_mean": 226.76, "L_post_marker_mean": 9.43, "rep_4gram_mean": 0.12, "avg_k_decode": 7.0, "avg_k_prefill": 8.0, "gen_wall_ms": 2096905.6}

=== 8x6_no_renorm (pk=8 dk=6 wm=no_renorm) ===
  [8x6_no_renorm] 64/500 k_dec=6.0 k_pre=8.0
  [8x6_no_renorm] 128/500 k_dec=6.0 k_pre=8.0
  [8x6_no_renorm] 192/500 k_dec=6.0 k_pre=8.0
  [8x6_no_renorm] 256/500 k_dec=6.0 k_pre=8.0
  [8x6_no_renorm] 320/500 k_dec=6.0 k_pre=8.0
  [8x6_no_renorm] 384/500 k_dec=6.0 k_pre=8.0
  [8x6_no_renorm] 448/500 k_dec=6.0 k_pre=8.0
  [8x6_no_renorm] 500/500 k_dec=6.0 k_pre=8.0
{"config": "8x6_no_renorm", "prefill_k": 8, "decode_k": 6, "weight_mode": "no_renorm", "n": 500, "acc_strict": 0.858, "acc_tol": 0.93, "no_marker_frac": 0.048, "no_eos_frac": 0.05, "hit_max_frac": 0.05, "len_mean": 252.7, "len_median": 231.5, "len_p90": 402, "len_p95": 512, "len_p99": 512, "L_to_marker_mean": 230.7, "L_post_marker_mean": 8.89, "rep_4gram_mean": 0.12, "avg_k_decode": 6.0, "avg_k_prefill": 8.0, "gen_wall_ms": 1965135.6}

=== 8x5_no_renorm (pk=8 dk=5 wm=no_renorm) ===
  [8x5_no_renorm] 64/500 k_dec=5.0 k_pre=8.0
  [8x5_no_renorm] 128/500 k_dec=5.0 k_pre=8.0
  [8x5_no_renorm] 192/500 k_dec=5.0 k_pre=8.0
  [8x5_no_renorm] 256/500 k_dec=5.0 k_pre=8.0
  [8x5_no_renorm] 320/500 k_dec=5.0 k_pre=8.0
  [8x5_no_renorm] 384/500 k_dec=5.0 k_pre=8.0
  [8x5_no_renorm] 448/500 k_dec=5.0 k_pre=8.0
  [8x5_no_renorm] 500/500 k_dec=5.0 k_pre=8.0
{"config": "8x5_no_renorm", "prefill_k": 8, "decode_k": 5, "weight_mode": "no_renorm", "n": 500, "acc_strict": 0.866, "acc_tol": 0.936, "no_marker_frac": 0.044, "no_eos_frac": 0.044, "hit_max_frac": 0.044, "len_mean": 254.5, "len_median": 233.0, "len_p90": 409, "len_p95": 498, "len_p99": 512, "L_to_marker_mean": 232.03, "L_post_marker_mean": 10.59, "rep_4gram_mean": 0.12, "avg_k_decode": 5.0, "avg_k_prefill": 8.0, "gen_wall_ms": 1796114.6}

=== 8x4_no_renorm (pk=8 dk=4 wm=no_renorm) ===
  [8x4_no_renorm] 64/500 k_dec=4.0 k_pre=8.0
  [8x4_no_renorm] 128/500 k_dec=4.0 k_pre=8.0
  [8x4_no_renorm] 192/500 k_dec=4.0 k_pre=8.0
  [8x4_no_renorm] 256/500 k_dec=4.0 k_pre=8.0
  [8x4_no_renorm] 320/500 k_dec=4.0 k_pre=8.0
  [8x4_no_renorm] 384/500 k_dec=4.0 k_pre=8.0
  [8x4_no_renorm] 448/500 k_dec=4.0 k_pre=8.0
  [8x4_no_renorm] 500/500 k_dec=4.0 k_pre=8.0
{"config": "8x4_no_renorm", "prefill_k": 8, "decode_k": 4, "weight_mode": "no_renorm", "n": 500, "acc_strict": 0.86, "acc_tol": 0.938, "no_marker_frac": 0.048, "no_eos_frac": 0.052, "hit_max_frac": 0.052, "len_mean": 255.3, "len_median": 233.0, "len_p90": 403, "len_p95": 512, "len_p99": 512, "L_to_marker_mean": 231.82, "L_post_marker_mean": 10.49, "rep_4gram_mean": 0.12, "avg_k_decode": 4.0, "avg_k_prefill": 8.0, "gen_wall_ms": 1616741.1}

== v28b_dose_no_renorm ==
config           pk dk  acc_s  noMark    len  Lmark  Lpost   rep4
8x8               8  8  83.4%    5.0%    252 228.64   9.17   0.12
8x7_no_renorm     8  7  84.4%    5.0%    250 226.76   9.43   0.12
8x6_no_renorm     8  6  85.8%    4.8%    253  230.7   8.89   0.12
8x5_no_renorm     8  5  86.6%    4.4%    254 232.03  10.59   0.12
8x4_no_renorm     8  4  86.0%    4.8%    255 231.82  10.49   0.12

wrote /home/t-jialianggu/work/MOEresearch/results/2026-07-20_v28b_dose_no_renorm/summary.json
