[pilot] train[128:328], 11 configs
Loading checkpoint shards:   0%|          | 0/16 [00:00<?, ?it/s]Loading checkpoint shards:  12%|█▎        | 2/16 [00:00<00:01, 12.22it/s]Loading checkpoint shards:  25%|██▌       | 4/16 [00:00<00:01, 11.84it/s]Loading checkpoint shards:  38%|███▊      | 6/16 [00:00<00:00, 11.84it/s]Loading checkpoint shards:  50%|█████     | 8/16 [00:00<00:00, 12.09it/s]Loading checkpoint shards:  62%|██████▎   | 10/16 [00:00<00:00, 12.23it/s]Loading checkpoint shards:  75%|███████▌  | 12/16 [00:00<00:00, 12.38it/s]Loading checkpoint shards:  88%|████████▊ | 14/16 [00:01<00:00, 12.47it/s]Loading checkpoint shards: 100%|██████████| 16/16 [00:01<00:00, 13.01it/s]

=== k8_native (dk=8 beta=1.0) ===
The following generation flags are not valid and may be ignored: ['temperature', 'top_p', 'top_k']. Set `TRANSFORMERS_VERBOSITY=info` for more details.
  [k8_native] 32/200 k_dec=8.0
  [k8_native] 64/200 k_dec=8.0
  [k8_native] 96/200 k_dec=8.0
  [k8_native] 128/200 k_dec=8.0
  [k8_native] 160/200 k_dec=8.0
  [k8_native] 192/200 k_dec=8.0
  [k8_native] 200/200 k_dec=8.0
{"config": "k8_native", "n": 200, "acc_strict": 0.825, "acc_tol": 0.935, "no_marker": 0.02, "no_eos": 0.04, "hit_max": 0.04, "len_mean": 253.1, "len_median": 230.5, "len_p90": 374, "len_p95": 476, "rmst_512": 253.075, "marker_pos_mean": 235.1, "rep_4gram": 0.1266, "decode_k": 8, "beta": 1.0}

=== k6_b0.0 (dk=6 beta=0.0) ===
  [k6_b0.0] 32/200 k_dec=6.0
  [k6_b0.0] 64/200 k_dec=6.0
  [k6_b0.0] 96/200 k_dec=6.0
  [k6_b0.0] 128/200 k_dec=6.0
  [k6_b0.0] 160/200 k_dec=6.0
  [k6_b0.0] 192/200 k_dec=6.0
  [k6_b0.0] 200/200 k_dec=6.0
{"config": "k6_b0.0", "n": 200, "acc_strict": 0.86, "acc_tol": 0.925, "no_marker": 0.025, "no_eos": 0.035, "hit_max": 0.035, "len_mean": 253.8, "len_median": 238.0, "len_p90": 374, "len_p95": 449, "rmst_512": 253.82, "marker_pos_mean": 236.2, "rep_4gram": 0.1259, "decode_k": 6, "beta": 0.0}

=== k6_b0.25 (dk=6 beta=0.25) ===
  [k6_b0.25] 32/200 k_dec=6.0
  [k6_b0.25] 64/200 k_dec=6.0
  [k6_b0.25] 96/200 k_dec=6.0
  [k6_b0.25] 128/200 k_dec=6.0
  [k6_b0.25] 160/200 k_dec=6.0
  [k6_b0.25] 192/200 k_dec=6.0
  [k6_b0.25] 200/200 k_dec=6.0
{"config": "k6_b0.25", "n": 200, "acc_strict": 0.87, "acc_tol": 0.935, "no_marker": 0.03, "no_eos": 0.04, "hit_max": 0.04, "len_mean": 254.8, "len_median": 235.0, "len_p90": 392, "len_p95": 460, "rmst_512": 254.77, "marker_pos_mean": 235.6, "rep_4gram": 0.1272, "decode_k": 6, "beta": 0.25}

=== k6_b0.5 (dk=6 beta=0.5) ===
  [k6_b0.5] 32/200 k_dec=6.0
  [k6_b0.5] 64/200 k_dec=6.0
  [k6_b0.5] 96/200 k_dec=6.0
  [k6_b0.5] 128/200 k_dec=6.0
  [k6_b0.5] 160/200 k_dec=6.0
  [k6_b0.5] 192/200 k_dec=6.0
  [k6_b0.5] 200/200 k_dec=6.0
{"config": "k6_b0.5", "n": 200, "acc_strict": 0.87, "acc_tol": 0.93, "no_marker": 0.03, "no_eos": 0.04, "hit_max": 0.04, "len_mean": 257.4, "len_median": 236.5, "len_p90": 391, "len_p95": 479, "rmst_512": 257.37, "marker_pos_mean": 237.6, "rep_4gram": 0.1291, "decode_k": 6, "beta": 0.5}

=== k6_b0.75 (dk=6 beta=0.75) ===
  [k6_b0.75] 32/200 k_dec=6.0
  [k6_b0.75] 64/200 k_dec=6.0
  [k6_b0.75] 96/200 k_dec=6.0
  [k6_b0.75] 128/200 k_dec=6.0
  [k6_b0.75] 160/200 k_dec=6.0
  [k6_b0.75] 192/200 k_dec=6.0
  [k6_b0.75] 200/200 k_dec=6.0
{"config": "k6_b0.75", "n": 200, "acc_strict": 0.875, "acc_tol": 0.925, "no_marker": 0.035, "no_eos": 0.045, "hit_max": 0.045, "len_mean": 256.4, "len_median": 239.0, "len_p90": 402, "len_p95": 504, "rmst_512": 256.4, "marker_pos_mean": 234.1, "rep_4gram": 0.1278, "decode_k": 6, "beta": 0.75}

=== k6_b1.0 (dk=6 beta=1.0) ===
  [k6_b1.0] 32/200 k_dec=6.0
  [k6_b1.0] 64/200 k_dec=6.0
  [k6_b1.0] 96/200 k_dec=6.0
  [k6_b1.0] 128/200 k_dec=6.0
  [k6_b1.0] 160/200 k_dec=6.0
  [k6_b1.0] 192/200 k_dec=6.0
  [k6_b1.0] 200/200 k_dec=6.0
{"config": "k6_b1.0", "n": 200, "acc_strict": 0.865, "acc_tol": 0.905, "no_marker": 0.05, "no_eos": 0.06, "hit_max": 0.06, "len_mean": 260.4, "len_median": 239.0, "len_p90": 403, "len_p95": 512, "rmst_512": 260.385, "marker_pos_mean": 235.6, "rep_4gram": 0.1272, "decode_k": 6, "beta": 1.0}

=== k4_b0.0 (dk=4 beta=0.0) ===
  [k4_b0.0] 32/200 k_dec=4.0
  [k4_b0.0] 64/200 k_dec=4.0
  [k4_b0.0] 96/200 k_dec=4.0
  [k4_b0.0] 128/200 k_dec=4.0
  [k4_b0.0] 160/200 k_dec=4.0
  [k4_b0.0] 192/200 k_dec=4.0
  [k4_b0.0] 200/200 k_dec=4.0
{"config": "k4_b0.0", "n": 200, "acc_strict": 0.87, "acc_tol": 0.915, "no_marker": 0.025, "no_eos": 0.045, "hit_max": 0.045, "len_mean": 260.4, "len_median": 247.0, "len_p90": 382, "len_p95": 472, "rmst_512": 260.36, "marker_pos_mean": 236.8, "rep_4gram": 0.1321, "decode_k": 4, "beta": 0.0}

=== k4_b0.25 (dk=4 beta=0.25) ===
  [k4_b0.25] 32/200 k_dec=4.0
  [k4_b0.25] 64/200 k_dec=4.0
  [k4_b0.25] 96/200 k_dec=4.0
  [k4_b0.25] 128/200 k_dec=4.0
  [k4_b0.25] 160/200 k_dec=4.0
  [k4_b0.25] 192/200 k_dec=4.0
  [k4_b0.25] 200/200 k_dec=4.0
{"config": "k4_b0.25", "n": 200, "acc_strict": 0.87, "acc_tol": 0.915, "no_marker": 0.035, "no_eos": 0.045, "hit_max": 0.045, "len_mean": 263.8, "len_median": 242.0, "len_p90": 419, "len_p95": 502, "rmst_512": 263.75, "marker_pos_mean": 243.5, "rep_4gram": 0.1293, "decode_k": 4, "beta": 0.25}

=== k4_b0.5 (dk=4 beta=0.5) ===
  [k4_b0.5] 32/200 k_dec=4.0
  [k4_b0.5] 64/200 k_dec=4.0
  [k4_b0.5] 96/200 k_dec=4.0
  [k4_b0.5] 128/200 k_dec=4.0
  [k4_b0.5] 160/200 k_dec=4.0
  [k4_b0.5] 192/200 k_dec=4.0
  [k4_b0.5] 200/200 k_dec=4.0
{"config": "k4_b0.5", "n": 200, "acc_strict": 0.885, "acc_tol": 0.92, "no_marker": 0.035, "no_eos": 0.04, "hit_max": 0.04, "len_mean": 263.1, "len_median": 245.0, "len_p90": 411, "len_p95": 474, "rmst_512": 263.07, "marker_pos_mean": 243.1, "rep_4gram": 0.1265, "decode_k": 4, "beta": 0.5}

=== k4_b0.75 (dk=4 beta=0.75) ===
  [k4_b0.75] 32/200 k_dec=4.0
  [k4_b0.75] 64/200 k_dec=4.0
  [k4_b0.75] 96/200 k_dec=4.0
  [k4_b0.75] 128/200 k_dec=4.0
  [k4_b0.75] 160/200 k_dec=4.0
  [k4_b0.75] 192/200 k_dec=4.0
  [k4_b0.75] 200/200 k_dec=4.0
{"config": "k4_b0.75", "n": 200, "acc_strict": 0.88, "acc_tol": 0.92, "no_marker": 0.035, "no_eos": 0.045, "hit_max": 0.045, "len_mean": 269.9, "len_median": 254.0, "len_p90": 417, "len_p95": 509, "rmst_512": 269.94, "marker_pos_mean": 247.5, "rep_4gram": 0.1286, "decode_k": 4, "beta": 0.75}

=== k4_b1.0 (dk=4 beta=1.0) ===
  [k4_b1.0] 32/200 k_dec=4.0
  [k4_b1.0] 64/200 k_dec=4.0
  [k4_b1.0] 96/200 k_dec=4.0
  [k4_b1.0] 128/200 k_dec=4.0
  [k4_b1.0] 160/200 k_dec=4.0
  [k4_b1.0] 192/200 k_dec=4.0
  [k4_b1.0] 200/200 k_dec=4.0
{"config": "k4_b1.0", "n": 200, "acc_strict": 0.875, "acc_tol": 0.905, "no_marker": 0.06, "no_eos": 0.06, "hit_max": 0.06, "len_mean": 276.1, "len_median": 258.0, "len_p90": 448, "len_p95": 512, "rmst_512": 276.07, "marker_pos_mean": 249.9, "rep_4gram": 0.128, "decode_k": 4, "beta": 1.0}

== v30 partial-renorm dose ==
k8_native    dk=8 b=1.00 len= 253.1 rmst= 253.1 acc= 82.5% hitmax=4.0%
k6_b0.0      dk=6 b=0.00 len= 253.8 rmst= 253.8 acc= 86.0% hitmax=3.5%
k6_b0.25     dk=6 b=0.25 len= 254.8 rmst= 254.8 acc= 87.0% hitmax=4.0%
k6_b0.5      dk=6 b=0.50 len= 257.4 rmst= 257.4 acc= 87.0% hitmax=4.0%
k6_b0.75     dk=6 b=0.75 len= 256.4 rmst= 256.4 acc= 87.5% hitmax=4.5%
k6_b1.0      dk=6 b=1.00 len= 260.4 rmst= 260.4 acc= 86.5% hitmax=6.0%
k4_b0.0      dk=4 b=0.00 len= 260.4 rmst= 260.4 acc= 87.0% hitmax=4.5%
k4_b0.25     dk=4 b=0.25 len= 263.8 rmst= 263.8 acc= 87.0% hitmax=4.5%
k4_b0.5      dk=4 b=0.50 len= 263.1 rmst= 263.1 acc= 88.5% hitmax=4.0%
k4_b0.75     dk=4 b=0.75 len= 269.9 rmst= 269.9 acc= 88.0% hitmax=4.5%
k4_b1.0      dk=4 b=1.00 len= 276.1 rmst= 276.1 acc= 87.5% hitmax=6.0%

wrote /home/t-jialianggu/work/MOEresearch/results/2026-07-20_v30_partial_renorm_pilot/summary.json
