[smoke] train[128:160] decode_k=4
Loading checkpoint shards:   0%|          | 0/16 [00:00<?, ?it/s]Loading checkpoint shards:  12%|█▎        | 2/16 [00:00<00:01, 12.86it/s]Loading checkpoint shards:  25%|██▌       | 4/16 [00:00<00:00, 12.39it/s]Loading checkpoint shards:  38%|███▊      | 6/16 [00:00<00:00, 12.10it/s]Loading checkpoint shards:  50%|█████     | 8/16 [00:00<00:00, 11.96it/s]Loading checkpoint shards:  62%|██████▎   | 10/16 [00:00<00:00, 11.95it/s]Loading checkpoint shards:  75%|███████▌  | 12/16 [00:00<00:00, 11.97it/s]Loading checkpoint shards:  88%|████████▊ | 14/16 [00:01<00:00, 11.96it/s]Loading checkpoint shards: 100%|██████████| 16/16 [00:01<00:00, 12.73it/s]
gain calibration on train[0:64] decode tokens...
The following generation flags are not valid and may be ignored: ['temperature', 'top_p', 'top_k']. Set `TRANSFORMERS_VERBOSITY=info` for more details.
gain q90=1.73478 q95=1.78147; layer_mean keys=48

=== k8_native (renorm_survivors) ===
  [k8_native] 32/32 k_dec=8.0
{"config": "k8_native", "n": 32, "acc_strict": 0.9375, "acc_tol": 1.0, "no_marker": 0.0, "no_eos": 0.0, "hit_max": 0.0, "len_mean": 231.1, "len_median": 224.0, "len_p90": 347, "len_p95": 367, "rmst_512": 231.125, "marker_pos_mean": 226, "rep_4gram": 0.1117}

=== no_renorm (no_renorm) ===
  [no_renorm] 32/32 k_dec=4.0
{"config": "no_renorm", "n": 32, "acc_strict": 0.9375, "acc_tol": 0.9688, "no_marker": 0.0312, "no_eos": 0.0312, "hit_max": 0.0312, "len_mean": 235.1, "len_median": 221.0, "len_p90": 334, "len_p95": 377, "rmst_512": 235.125, "marker_pos_mean": 221.2, "rep_4gram": 0.1139}

=== full_renorm (renorm_survivors) ===
  [full_renorm] 32/32 k_dec=4.0
{"config": "full_renorm", "n": 32, "acc_strict": 0.9688, "acc_tol": 0.9688, "no_marker": 0.0312, "no_eos": 0.0312, "hit_max": 0.0312, "len_mean": 251.7, "len_median": 227.5, "len_p90": 361, "len_p95": 423, "rmst_512": 251.656, "marker_pos_mean": 238.2, "rep_4gram": 0.1084}

=== decode_normmatch (decode_norm_match) ===
  [decode_normmatch] 32/32 k_dec=4.0
{"config": "decode_normmatch", "n": 32, "acc_strict": 1.0, "acc_tol": 1.0, "no_marker": 0.0, "no_eos": 0.0, "hit_max": 0.0, "len_mean": 239.2, "len_median": 217.0, "len_p90": 369, "len_p95": 404, "rmst_512": 239.25, "marker_pos_mean": 234.2, "rep_4gram": 0.1064}

=== fixed_layer_gain (fixed_gain) ===
  [fixed_layer_gain] 32/32 k_dec=4.0
{"config": "fixed_layer_gain", "n": 32, "acc_strict": 0.9375, "acc_tol": 0.9375, "no_marker": 0.0625, "no_eos": 0.0625, "hit_max": 0.0625, "len_mean": 258.2, "len_median": 231.0, "len_p90": 397, "len_p95": 512, "rmst_512": 258.219, "marker_pos_mean": 236.2, "rep_4gram": 0.1111}

=== position_bin_gain (position_bin_gain) ===
  [position_bin_gain] 32/32 k_dec=4.0
{"config": "position_bin_gain", "n": 32, "acc_strict": 0.9062, "acc_tol": 0.9375, "no_marker": 0.0312, "no_eos": 0.0312, "hit_max": 0.0312, "len_mean": 245.3, "len_median": 234.0, "len_p90": 348, "len_p95": 393, "rmst_512": 245.312, "marker_pos_mean": 231.5, "rep_4gram": 0.1014}

=== shuffled_gain (shuffled_gain) ===
  [shuffled_gain] 32/32 k_dec=4.0
{"config": "shuffled_gain", "n": 32, "acc_strict": 0.8125, "acc_tol": 0.9688, "no_marker": 0.1562, "no_eos": 0.0312, "hit_max": 0.0312, "len_mean": 268.9, "len_median": 244.0, "len_p90": 416, "len_p95": 428, "rmst_512": 268.938, "marker_pos_mean": 247.6, "rep_4gram": 0.1045}

=== clipped_q90 (clipped_gain) ===
  [clipped_q90] 32/32 k_dec=4.0
{"config": "clipped_q90", "n": 32, "acc_strict": 0.9375, "acc_tol": 0.9688, "no_marker": 0.0312, "no_eos": 0.0312, "hit_max": 0.0312, "len_mean": 256.8, "len_median": 235.0, "len_p90": 391, "len_p95": 497, "rmst_512": 256.844, "marker_pos_mean": 243.5, "rep_4gram": 0.1048}

=== clipped_q95 (clipped_gain) ===
  [clipped_q95] 32/32 k_dec=4.0
{"config": "clipped_q95", "n": 32, "acc_strict": 0.9062, "acc_tol": 0.9062, "no_marker": 0.0938, "no_eos": 0.0938, "hit_max": 0.0938, "len_mean": 269.8, "len_median": 243.0, "len_p90": 485, "len_p95": 512, "rmst_512": 269.781, "marker_pos_mean": 239.6, "rep_4gram": 0.1194}

== v31 gain controls (decode K4) ==
k8_native            len= 231.1 rmst= 231.1 acc= 93.8% hitmax=0.0%
no_renorm            len= 235.1 rmst= 235.1 acc= 93.8% hitmax=3.1%
full_renorm          len= 251.7 rmst= 251.7 acc= 96.9% hitmax=3.1%
decode_normmatch     len= 239.2 rmst= 239.2 acc=100.0% hitmax=0.0%
fixed_layer_gain     len= 258.2 rmst= 258.2 acc= 93.8% hitmax=6.2%
position_bin_gain    len= 245.3 rmst= 245.3 acc= 90.6% hitmax=3.1%
shuffled_gain        len= 268.9 rmst= 268.9 acc= 81.2% hitmax=3.1%
clipped_q90          len= 256.8 rmst= 256.8 acc= 93.8% hitmax=3.1%
clipped_q95          len= 269.8 rmst= 269.8 acc= 90.6% hitmax=9.4%

wrote /home/t-jialianggu/work/MOEresearch/results/2026-07-20_v31_gain_controls_smoke/summary.json
